<?xml version="1.0" encoding="UTF-8"?>
<testng-results skipped="0" failed="0" ignored="0" total="2" passed="2">
  <reporter-output>
  </reporter-output>
  <suite name="Default suite" duration-ms="40" started-at="2019-12-04T15:12:08 IST" finished-at="2019-12-04T15:12:08 IST">
    <groups>
    </groups>
    <test name="Default test" duration-ms="40" started-at="2019-12-04T15:12:08 IST" finished-at="2019-12-04T15:12:08 IST">
      <class name="TestNG.TestNG.TestNG_Features">
        <test-method status="PASS" signature="HomePageTest()[pri:0, instance:TestNG.TestNG.TestNG_Features@3327bd23]" name="HomePageTest" duration-ms="8" started-at="2019-12-04T15:12:08 IST" finished-at="2019-12-04T15:12:08 IST">
          <reporter-output>
          </reporter-output>
        </test-method> <!-- HomePageTest -->
        <test-method status="PASS" signature="LoginTest()[pri:0, instance:TestNG.TestNG.TestNG_Features@3327bd23]" name="LoginTest" duration-ms="1" started-at="2019-12-04T15:12:08 IST" finished-at="2019-12-04T15:12:08 IST">
          <reporter-output>
          </reporter-output>
        </test-method> <!-- LoginTest -->
      </class> <!-- TestNG.TestNG.TestNG_Features -->
    </test> <!-- Default test -->
  </suite> <!-- Default suite -->
</testng-results>
