<?xml version="1.0" encoding="UTF-8"?>
<testng-results skipped="0" failed="0" ignored="0" total="2" passed="2">
  <reporter-output>
  </reporter-output>
  <suite name="Suite" duration-ms="27274" started-at="2020-01-19T14:23:14 IST" finished-at="2020-01-19T14:23:41 IST">
    <groups>
    </groups>
    <test name="OOPS_Framework" duration-ms="27274" started-at="2020-01-19T14:23:14 IST" finished-at="2020-01-19T14:23:41 IST">
      <class name="com.base.test.LoginTest">
        <test-method status="PASS" signature="setUpTest(java.lang.String)[pri:0, instance:com.base.test.LoginTest@5a8806ef]" name="setUpTest" is-config="true" duration-ms="25673" started-at="2020-01-19T14:23:14 IST" finished-at="2020-01-19T14:23:39 IST">
          <params>
            <param index="0">
              <value>
                <![CDATA[ff]]>
              </value>
            </param>
          </params>
          <reporter-output>
          </reporter-output>
        </test-method> <!-- setUpTest -->
        <test-method status="PASS" signature="setUpTest(java.lang.String)[pri:0, instance:com.base.test.LoginTest@5a8806ef]" name="setUpTest" is-config="true" duration-ms="26416" started-at="2020-01-19T14:23:14 IST" finished-at="2020-01-19T14:23:40 IST">
          <params>
            <param index="0">
              <value>
                <![CDATA[ff]]>
              </value>
            </param>
          </params>
          <reporter-output>
          </reporter-output>
        </test-method> <!-- setUpTest -->
        <test-method status="PASS" signature="verifyLoginPageTitleTest()[pri:1, instance:com.base.test.LoginTest@5a8806ef]" name="verifyLoginPageTitleTest" duration-ms="49" started-at="2020-01-19T14:23:39 IST" finished-at="2020-01-19T14:23:40 IST">
          <reporter-output>
          </reporter-output>
        </test-method> <!-- verifyLoginPageTitleTest -->
        <test-method status="PASS" signature="tearDown()[pri:0, instance:com.base.test.LoginTest@5a8806ef]" name="tearDown" is-config="true" duration-ms="0" started-at="2020-01-19T14:23:40 IST" finished-at="2020-01-19T14:23:40 IST">
          <reporter-output>
          </reporter-output>
        </test-method> <!-- tearDown -->
        <test-method status="PASS" signature="doLoginTest()[pri:0, instance:com.base.test.LoginTest@5a8806ef]" name="doLoginTest" duration-ms="774" started-at="2020-01-19T14:23:40 IST" finished-at="2020-01-19T14:23:41 IST">
          <reporter-output>
          </reporter-output>
        </test-method> <!-- doLoginTest -->
        <test-method status="PASS" signature="tearDown()[pri:0, instance:com.base.test.LoginTest@5a8806ef]" name="tearDown" is-config="true" duration-ms="0" started-at="2020-01-19T14:23:41 IST" finished-at="2020-01-19T14:23:41 IST">
          <reporter-output>
          </reporter-output>
        </test-method> <!-- tearDown -->
      </class> <!-- com.base.test.LoginTest -->
    </test> <!-- OOPS_Framework -->
  </suite> <!-- Suite -->
</testng-results>
