<?xml version="1.0" encoding="UTF-8"?>
<!-- Generated by org.testng.reporters.JUnitXMLReporter -->
<testsuite hostname="IN-00208619" ignored="3" name="Default test" tests="1" failures="0" timestamp="15 Dec 2019 11:42:40 GMT" time="39.037" errors="0">
  <testcase name="selectMultipleContactsTest" time="12.454" classname="com.crm.qa.testcases.ContactsPageTest"/>
  <testcase name="verifyContactsPageLabel" time="0.0" classname="com.crm.qa.testcases.ContactsPageTest">
    <ignored/>
  </testcase> <!-- verifyContactsPageLabel -->
  <testcase name="validateCreateNewContact" time="0.0" classname="com.crm.qa.testcases.ContactsPageTest">
    <ignored/>
  </testcase> <!-- validateCreateNewContact -->
  <testcase name="selectSingleContactsTest" time="0.0" classname="com.crm.qa.testcases.ContactsPageTest">
    <ignored/>
  </testcase> <!-- selectSingleContactsTest -->
</testsuite> <!-- Default test -->
